11/25(22:46) Cryogen: setprop
11/25(22:46) Cryogen: reboot
11/25(22:50) Cryogen: reboot
11/25(22:59) Cryogen: reboot
11/25(23:35) Cryogen: reboot
11/29(12:28) Corbin: trans all
11/29(13:41) Cryogen: reboot
11/29(15:39) Cryogen: reboot
11/29(19:03) Cryogen: purge all
11/29(19:20) Cryogen: purge all
11/29(19:38) Corbin: purge all
11/29(19:38) Corbin: purge all
11/29(19:52) Corbin: purge all
11/29(19:58) Corbin: purge all
11/29(19:58) Corbin: reboot
11/29(19:59) Corbin: purge all
11/29(20:00) Corbin: reboot
11/29(20:02) Corbin: purge all
11/29(20:21) Corbin: purge all
11/29(20:23) Corbin: purge all
11/29(20:25) Corbin: purge all
11/29(20:25) Corbin: reboot
11/29(20:27) Corbin: trans new
11/29(20:27) Corbin: purge all
11/29(20:27) Corbin: purge all
11/29(20:31) Corbin: purge all
11/29(20:31) Corbin: trans newbie
11/29(20:31) Corbin: trans newbie
11/29(20:32) Corbin: setstat newbie level 250
11/29(20:32) Corbin: trans newbie
11/29(20:33) Newbie: reboot
11/29(22:10) Corbin: purge all
11/29(22:16) Corbin: purge all
11/29(22:16) Corbin: purge all
11/29(22:18) Corbin: purge all
11/29(22:18) Corbin: purge all
11/29(22:26) Corbin: PURGE ALL
11/29(22:26) Newbie: purge all
11/29(22:28) Corbin: purge all
11/29(22:29) Newbie: purge all
11/29(22:29) Newbie: purge all
11/29(22:31) Newbie: purge all
11/29(22:32) Newbie: purge al
11/29(22:32) Newbie: purge all
11/29(22:32) Corbin: purge alkl
11/29(22:32) Corbin: purge all
11/29(22:33) Newbie: purge all
11/29(22:47) Corbin: purge green
11/29(22:49) Corbin: purge green
11/29(22:50) Corbin: purge green
11/29(22:50) Corbin: purge all.green
11/29(22:51) Corbin: purge all.green
11/29(22:51) Corbin: purge all.green
11/29(22:53) Corbin: purge all.green
11/29(22:54) Corbin: purge all.green
11/29(22:56) Corbin: purge all.green
11/29(22:57) Cryogen: reboot
11/29(23:02) Corbin: reboot
11/29(23:05) Corbin: purge all.green
11/29(23:07) Corbin: purge all.green
11/29(23:10) Corbin: purge all.green
11/29(23:15) Corbin: reboot
11/29(23:16) Corbin: purge all.green
11/29(23:16) Corbin: reboot
11/29(23:20) Corbin: purge all.green
11/29(23:20) Corbin: reboot
11/29(23:22) Corbin: purge all.green
11/29(23:27) Cryogen: purge all.suit
11/29(23:29) Corbin: purge all.green
11/29(23:31) Corbin: purge all
11/29(23:46) Corbin: purge all
11/29(23:47) Corbin: purge all
11/29(23:48) Corbin: purge all
11/29(23:51) Newbie: purge all.gril
11/29(23:51) Newbie: purge grill
11/29(23:59) Corbin: reboot
11/30(00:03) Corbin: purge all.re
11/30(00:05) Corbin: purge 2507
11/30(00:05) Corbin: purge moss
11/30(00:05) Corbin: purge cutter
11/30(00:12) Newbie: cutconn corbin
11/30(00:12) Cryogen: purge all
11/30(00:15) Corbin: purge laser
11/30(00:51) Cryogen: reboot
11/30(00:53) Corbin: purge all
11/30(00:55) Corbin: setprop
11/30(00:58) Corbin: purge all
11/30(01:08) Corbin: purge eng
11/30(01:12) Corbin: purge grill
11/30(01:12) Corbin: purge all.red
11/30(01:14) Corbin: purge laser
11/30(01:14) Corbin: purge all.con
11/30(01:14) Corbin: purge laser
11/30(11:55) Corbin: purge clean
11/30(11:55) Corbin: purge all.cleaner
11/30(11:55) Corbin: purge all.cleaner
11/30(11:58) Corbin: purge all
11/30(11:59) Corbin: purge clean
11/30(11:59) Corbin: purge all.cleaner
11/30(11:59) Corbin: purge clean
11/30(12:00) Corbin: purge clean
11/30(12:00) Corbin: purge all
11/30(12:01) Corbin: purge clean
11/30(12:03) Corbin: purge all
11/30(12:04) Corbin: purge all
11/30(12:17) Corbin: purge all
11/30(12:23) Corbin: purge all.gel
11/30(12:29) Corbin: purge all.gel
11/30(12:29) Corbin: purge all.gel
11/30(12:47) Corbin: purge laser
11/30(12:53) Corbin: purge all.green
11/30(13:02) Newbie: purge all.gel
11/30(14:26) Corbin: purge all.green
11/30(14:46) Cryogen: reboot
11/30(15:06) Cryogen: reboot
11/30(15:08) Corbin: purge cutter
11/30(15:10) Corbin: purge min
11/30(15:11) Corbin: purge las
11/30(16:22) Cryogen: purge all
11/30(16:22) Cryogen: reboot
12/15(23:19) Cryogen: transfer test
12/15(23:20) Cryogen: setstat test hitpmax 10000
12/15(23:20) Cryogen: heal test
12/15(23:20) Cryogen: transfer pol
12/15(23:26) Cryogen: purge gin
 1/13(20:42) Cryogen: setstat cry prac 999
 1/13(20:52) Cryogen: setskill cry burn 150
 1/13(20:52) Cryogen: reboot
 1/14(11:37) Cryogen: reboot
 1/14(11:41) Cryogen: reboot
 1/14(11:44) Cryogen: reboot
 1/14(11:52) Cryogen: reboot
 1/20(14:13) Cryogen: reboot
 1/26(01:51) Cryogen: reboot
 2/16(00:09) Cryogen: reboot
 2/16(11:57) Cryogen: reboot
 2/16(13:13) Cryogen: reboot
 2/16(13:17) Cryogen: reboot
 2/16(13:25) Cryogen: reboot
 2/16(13:34) Cryogen: reboot
 2/16(20:02) Cryogen: reboot
 2/16(20:24) Cryogen: reboot
 2/17(00:29) Cryogen: reboot
 2/17(11:36) Newbie: reboot
 2/17(14:36) Cryogen: reboot
 3/24(16:49) Cryogen: force hype fol thale
 3/24(16:50) Cryogen: force thale group hype
 3/24(16:50) Cryogen: force thale grou
 3/24(17:31) Cryogen: reboot
 3/24(17:42) Cryogen: purge all bread
 3/24(17:42) Cryogen: purge all bar
 3/24(17:42) Cryogen: reboot
 3/24(22:34) Cryogen: purge all slot
 3/26(13:25) Cryogen: reboot
 3/26(13:30) Cryogen: reboot
 4/30(17:19) Cryogen: reboot
 5/ 6(21:36) Cryogen: reboot
 5/13(16:39) Cryogen: reboot
 5/25(18:05) Cryogen: reboot
 5/25(18:23) Cryogen: reboot
 5/26(01:08) Cryogen: reboot
 5/26(01:32) Cryogen: reboot
 6/ 3(22:50) Cryogen: setstat cryogen money 99999999
 6/ 3(23:02) Cryogen: reboot
06/09(11:42) Cryogen: reboot
06/09(11:56) Cryogen: reboot
06/09(12:16) Cryogen: reboot
06/09(13:01) Cryogen: reboot
06/09(16:31) Cryogen: reboot
06/11(18:42) Cryogen: setskill thale speed 5000
06/11(18:44) Cryogen: setskill thale melee-knife 500
06/11(18:45) Cryogen: transfer thale
06/11(18:45) Cryogen: setskill thale laser-pistol 500
06/11(18:46) Cryogen: resetskill thale
06/11(18:46) Cryogen: reboot
11/09(16:10) Cryogen: reboot
12/18(23:04) Cryogen: reboot
12/31(20:41) Cryogen: purge rem
12/31(20:45) Corbin: sw
12/31(20:50) Corbin: decomp
01/01(05:00) Cryogen: setstat cryogen money 0
01/01(05:00) Cryogen: setstat cryogen practices 0
01/02(22:37) Cryogen: reboot
01/07(13:36) Cryogen: force will say hello
01/07(13:43) Cryogen: setstat
01/07(13:43) Cryogen: setstat cryogen
01/07(13:43) Cryogen: SetProp
01/07(13:43) Cryogen: setprop cryogen
01/07(13:43) Cryogen: setprop cryogen @enter
01/07(14:16) Cryogen: setprop cryogen
01/07(14:16) Cryogen: setprop cryogen @enter
01/07(14:17) Cryogen: setstat cryogen str 200
01/07(14:17) Cryogen: setstat cryogen str 200
02/05(14:01) Cryogen: purge all
02/05(14:01) Cryogen: purge all.rem
02/05(15:24) Cryogen: setstat test hitp 5000
02/05(15:24) Cryogen: heal test
02/05(15:24) Cryogen: setstat
02/05(15:24) Cryogen: setstat test hitpmax 5000
02/05(15:24) Cryogen: heal test
02/05(15:24) Cryogen: transfer test
02/05(16:57) Cryogen: transfer test
02/05(17:06) Cryogen: transfer test
02/06(02:37) Cryogen: transfer gus
02/06(02:41) Cryogen: transfer gus
02/06(02:43) Cryogen: transfer gus
02/06(02:44) Cryogen: force gus fol cryo
02/06(02:44) Cryogen: force test fol gus
02/06(02:44) Cryogen: force test fol 
02/06(02:45) Cryogen: force test fol cryogen
02/06(02:45) Cryogen: transfer sall
02/06(02:45) Cryogen: force sall fol gus
02/06(02:46) Cryogen: force test fol
02/06(02:46) Cryogen: reboot
