11/20(12:57) Cryogen has signed onto the game! (New Player)
11/20(12:58) Cryogen just entered the game!
11/20(12:59) Cryogen just quit the game!
11/20(19:51) Cryogen has signed onto the game!
11/20(19:52) Cryogen just entered the game!
11/20(19:52) Cryogen just quit the game!
11/20(19:55) Cryogen has signed onto the game!
11/20(19:55) Cryogen just entered the game!
11/20(20:00) Cryogen has signed onto the game!
11/20(22:10) Cryogen has signed onto the game!
11/20(22:28) Cryogen has signed onto the game!
11/20(22:29) Cryogen just quit the game!
11/20(22:30) Cryogen has signed onto the game!
11/20(22:31) Cryogen just entered the game!
11/20(22:31) Cryogen just quit the game!
11/20(23:04) Cryogen has signed onto the game!
11/20(23:04) Cryogen just entered the game!
11/20(23:06) Cryogen just quit the game!
11/20(23:23) Cryogen has signed onto the game!
11/20(23:23) Cryogen just entered the game!
11/20(23:24) Cryogen just quit the game!
11/20(23:36) Cryogen has signed onto the game!
11/20(23:36) Cryogen just entered the game!
11/20(23:38) Cryogen just quit the game!
11/21(01:45) Cryogen has signed onto the game!
11/21(01:45) Cryogen just entered the game!
11/21(01:47) Cryogen just quit the game!
11/21(01:52) Cryogen has signed onto the game!
11/21(01:52) Cryogen just entered the game!
11/21(01:52) Cryogen just quit the game!
11/21(01:53) Cryogen has signed onto the game!
11/21(01:53) Cryogen just entered the game!
11/21(01:54) Cryogen just quit the game!
11/21(01:55) Cryogen has signed onto the game!
11/21(01:55) Cryogen just entered the game!
11/21(01:56) Cryogen has signed onto the game!
11/21(01:58) Cryogen just quit the game!
11/25(22:40) Cryogen has signed onto the game!
11/25(22:40) Cryogen just entered the game!
11/25(22:42) Cryogen just quit the game!
11/25(22:43) Cryogen has signed onto the game!
11/25(22:43) Cryogen just entered the game!
11/25(22:47) Cryogen has signed onto the game!
11/25(22:47) Cryogen just entered the game!
11/25(22:57) Cryogen has signed onto the game!
11/25(22:57) Cryogen just entered the game!
11/25(22:59) Cryogen has signed onto the game!
11/25(22:59) Cryogen just entered the game!
11/25(23:32) Cryogen has signed onto the game!
11/25(23:32) Cryogen just entered the game!
11/25(23:35) Cryogen has signed onto the game!
11/25(23:35) Cryogen just entered the game!
11/25(23:49) Cryogen has signed onto the game!
11/25(23:49) Cryogen just entered the game!
11/25(23:51) Cryogen just quit the game!
11/25(23:56) Cryogen has signed onto the game!
11/25(23:56) Cryogen just entered the game!
11/25(23:56) Cryogen just quit the game!
11/27(00:35) Cryogen has signed onto the game!
11/27(00:35) Cryogen just entered the game!
11/28(23:57) Corbin has signed onto the game! (New Player)
11/28(23:57) Corbin just entered the game!
11/29(00:05) Corbin just quit the game!
11/29(11:54) Corbin has signed onto the game!
11/29(11:54) Corbin just entered the game!
11/29(11:54) Corbin just quit the game!
11/29(11:54) Corbin has signed onto the game!
11/29(11:54) Corbin just entered the game!
11/29(11:57) Corbin has signed onto the game!
11/29(11:57) Corbin has signed onto the game!
11/29(11:58) Corbin has signed onto the game!
11/29(11:58) Corbin just entered the game!
11/29(11:58) Corbin has signed onto the game!
11/29(11:59) Corbin has signed onto the game!
11/29(11:59) Corbin just quit the game!
11/29(12:00) Corbin has signed onto the game!
11/29(12:00) Corbin just entered the game!
11/29(12:00) Corbin just quit the game!
11/29(12:01) Corbin has signed onto the game!
11/29(12:01) Corbin just entered the game!
11/29(12:27) Newbie has signed onto the game! (New Player)
11/29(12:27) Newbie just entered the game!
11/29(12:28) Corbin has signed onto the game!
11/29(12:28) Cryogen has signed onto the game!
11/29(12:28) Cryogen just entered the game!
11/29(12:28) Newbie just quit the game!
11/29(12:55) Corbin has signed onto the game!
11/29(12:55) Corbin just entered the game!
11/29(13:23) Corbin has signed onto the game!
11/29(13:24) Corbin has signed onto the game!
11/29(13:25) Corbin has signed onto the game!
11/29(13:27) Corbin has signed onto the game!
11/29(13:27) Corbin just entered the game!
11/29(13:29) Cryogen has signed onto the game!
11/29(13:29) Cryogen just entered the game!
11/29(13:37) Cryogen has signed onto the game!
11/29(13:37) Cryogen just entered the game!
11/29(13:39) Corbin has signed onto the game!
11/29(13:39) Corbin just entered the game!
11/29(13:43) Corbin has signed onto the game!
11/29(13:43) Corbin just entered the game!
11/29(13:44) Cryogen has signed onto the game!
11/29(13:44) Cryogen just entered the game!
11/29(13:45) Corbin has signed onto the game!
11/29(13:46) Cryogen has signed onto the game!
11/29(13:46) Cryogen just entered the game!
11/29(13:46) Corbin just entered the game!
11/29(13:48) Corbin has signed onto the game!
11/29(13:48) Corbin just entered the game!
11/29(13:48) Cryogen has signed onto the game!
11/29(13:48) Cryogen just entered the game!
11/29(13:49) Corbin has signed onto the game!
11/29(13:49) Corbin just entered the game!
11/29(13:50) Cryogen has signed onto the game!
11/29(13:50) Cryogen just entered the game!
11/29(13:54) Cryogen has signed onto the game!
11/29(13:54) Cryogen just entered the game!
11/29(13:54) Corbin has signed onto the game!
11/29(13:54) Corbin just entered the game!
11/29(14:09) Corbin has signed onto the game!
11/29(14:09) Corbin just entered the game!
11/29(14:09) Cryogen has signed onto the game!
11/29(14:09) Cryogen just entered the game!
11/29(14:11) Cryogen has signed onto the game!
11/29(14:11) Cryogen just entered the game!
11/29(14:13) Cryogen has signed onto the game!
11/29(14:13) Cryogen just entered the game!
11/29(14:14) Cryogen has signed onto the game!
11/29(14:14) Cryogen just entered the game!
11/29(14:15) Cryogen has signed onto the game!
11/29(14:15) Cryogen just entered the game!
11/29(14:17) Cryogen has signed onto the game!
11/29(14:17) Cryogen just entered the game!
11/29(14:18) Cryogen has signed onto the game!
11/29(14:18) Cryogen just entered the game!
11/29(14:21) Cryogen has signed onto the game!
11/29(14:21) Cryogen just entered the game!
11/29(14:21) Cryogen has signed onto the game!
11/29(14:21) Cryogen just entered the game!
11/29(14:25) Cryogen has signed onto the game!
11/29(14:25) Cryogen just entered the game!
11/29(14:26) Cryogen has signed onto the game!
11/29(14:26) Cryogen just entered the game!
11/29(14:35) Cryogen has signed onto the game!
11/29(14:35) Cryogen just entered the game!
11/29(15:26) Cryogen has signed onto the game!
11/29(15:26) Cryogen just entered the game!
11/29(15:39) Cryogen just quit the game!
11/29(15:39) Cryogen has signed onto the game!
11/29(15:39) Cryogen just entered the game!
11/29(16:57) Cryogen has signed onto the game!
11/29(16:57) Cryogen just entered the game!
11/29(17:17) Cryogen has signed onto the game!
11/29(17:17) Cryogen just entered the game!
11/29(17:17) Cryogen just quit the game!
11/29(17:18) Corbin has signed onto the game!
11/29(17:18) Corbin just entered the game!
11/29(17:24) Cryogen has signed onto the game!
11/29(17:24) Cryogen just entered the game!
11/29(17:26) Cryogen just quit the game!
11/29(17:33) Cryogen has signed onto the game!
11/29(17:33) Cryogen just entered the game!
11/29(18:55) Corbin just quit the game!
11/29(19:00) Cryogen has signed onto the game!
11/29(19:00) Cryogen just entered the game!
11/29(19:15) Cryogen has signed onto the game!
11/29(19:15) Cryogen just entered the game!
11/29(19:18) Cryogen has signed onto the game!
11/29(19:18) Cryogen just entered the game!
11/29(19:19) Cryogen has signed onto the game!
11/29(19:19) Cryogen just entered the game!
11/29(19:26) Cryogen has signed onto the game!
11/29(19:26) Cryogen just entered the game!
11/29(19:30) Corbin has signed onto the game!
11/29(19:30) Corbin just entered the game!
11/29(19:30) Newbie has signed onto the game!
11/29(19:30) Newbie just entered the game!
11/29(19:32) Corbin has signed onto the game!
11/29(19:32) Corbin just entered the game!
11/29(19:34) Newbie has signed onto the game!
11/29(19:34) Newbie just entered the game!
11/29(19:59) Corbin has signed onto the game!
11/29(19:59) Corbin just entered the game!
11/29(20:00) Corbin has signed onto the game!
11/29(20:02) Corbin has signed onto the game!
11/29(20:02) Corbin just entered the game!
11/29(20:17) Corbin has signed onto the game!
11/29(20:17) Corbin just entered the game!
11/29(20:18) Corbin has signed onto the game!
11/29(20:18) Corbin just entered the game!
11/29(20:23) Corbin has signed onto the game!
11/29(20:23) Corbin just entered the game!
11/29(20:25) Corbin has signed onto the game!
11/29(20:25) Corbin just entered the game!
11/29(20:26) Corbin has signed onto the game!
11/29(20:26) Corbin just entered the game!
11/29(20:27) Newbie has signed onto the game!
11/29(20:27) Newbie just entered the game!
11/29(22:10) Corbin has signed onto the game!
11/29(22:10) Corbin just entered the game!
11/29(22:18) Cryogen has signed onto the game!
11/29(22:18) Cryogen just entered the game!
11/29(22:19) Newbie has signed onto the game!
11/29(22:19) Newbie just entered the game!
11/29(22:22) Cryogen has signed onto the game!
11/29(22:35) Cryogen has signed onto the game!
11/29(22:38) Cryogen has signed onto the game!
11/29(22:56) Corbin just quit the game!
11/29(22:56) Newbie just quit the game!
11/29(22:57) Cryogen has signed onto the game!
11/29(22:58) Corbin has signed onto the game!
11/29(22:58) Corbin just entered the game!
11/29(23:01) Corbin has signed onto the game!
11/29(23:01) Corbin just entered the game!
11/29(23:03) Corbin has signed onto the game!
11/29(23:03) Corbin just entered the game!
11/29(23:15) Corbin has signed onto the game!
11/29(23:15) Corbin just entered the game!
11/29(23:17) Corbin has signed onto the game!
11/29(23:17) Corbin just entered the game!
11/29(23:21) Corbin has signed onto the game!
11/29(23:21) Corbin just entered the game!
11/29(23:22) Cryogen has signed onto the game!
11/29(23:22) Cryogen just entered the game!
11/29(23:23) Cryogen has signed onto the game!
11/29(23:31) Newbie has signed onto the game!
11/29(23:31) Newbie just entered the game!
11/29(23:59) Corbin has signed onto the game!
11/29(23:59) Corbin just entered the game!
11/29(23:59) Newbie has signed onto the game!
11/30(00:01) Cryogen has signed onto the game!
11/30(00:01) Cryogen just entered the game!
11/30(00:04) Newbie just entered the game!
11/30(00:10) Cryogen has signed onto the game!
11/30(00:11) Cryogen has signed onto the game!
11/30(00:12) Corbin has signed onto the game!
11/30(00:14) Cryogen has signed onto the game!
11/30(00:51) Cryogen has signed onto the game!
11/30(00:51) Cryogen just entered the game!
11/30(00:53) Corbin has signed onto the game!
11/30(00:53) Corbin just entered the game!
11/30(11:44) Corbin has signed onto the game!
11/30(11:44) Corbin just entered the game!
11/30(11:46) Newbie has signed onto the game!
11/30(12:00) Newbie just entered the game!
11/30(13:27) Cryogen has signed onto the game!
11/30(13:27) Cryogen just entered the game!
11/30(13:57) Newbie has signed onto the game!
11/30(13:57) Newbie just entered the game!
11/30(13:57) Corbin has signed onto the game!
11/30(13:57) Corbin just entered the game!
11/30(14:01) Corbin has signed onto the game!
11/30(14:01) Corbin just entered the game!
11/30(14:21) Cryogen has signed onto the game!
11/30(14:21) Cryogen just entered the game!
11/30(14:21) Corbin has signed onto the game!
11/30(14:21) Corbin just entered the game!
11/30(14:28) Newbie has signed onto the game!
11/30(14:28) Newbie just entered the game!
11/30(14:32) Newbie just quit the game!
11/30(14:32) Corbin just quit the game!
11/30(14:34) Corbin has signed onto the game!
11/30(14:34) Corbin just entered the game!
11/30(14:48) Corbin has signed onto the game!
11/30(14:48) Corbin just entered the game!
11/30(14:50) Cryogen has signed onto the game!
11/30(14:50) Cryogen just entered the game!
11/30(15:07) Corbin has signed onto the game!
11/30(15:07) Corbin just entered the game!
11/30(15:07) Cryogen has signed onto the game!
11/30(15:07) Cryogen just entered the game!
11/30(16:21) Cryogen has signed onto the game!
11/30(17:32) Corbin has signed onto the game!
11/30(17:32) Corbin just entered the game!
12/14(21:19) Cryogen has signed onto the game!
12/14(21:19) Cryogen just entered the game!
12/14(21:19) Cryogen just quit the game!
12/14(21:31) Test has signed onto the game! (New Player)
12/14(21:31) Test just entered the game!
12/14(21:32) Cryogen has signed onto the game!
12/14(21:32) Cryogen just entered the game!
12/14(21:33) Test just quit the game!
12/14(21:43) Cryogen just quit the game!
12/15(23:19) Cryogen has signed onto the game!
12/15(23:19) Cryogen just entered the game!
12/15(23:19) Test has signed onto the game!
12/15(23:19) Test just entered the game!
12/15(23:25) Cryogen has signed onto the game!
12/15(23:25) Cryogen just entered the game!
12/15(23:25) Test has signed onto the game!
12/15(23:25) Test just entered the game!
 1/13(20:41) Cryogen has signed onto the game!
 1/13(20:41) Cryogen just entered the game!
 1/13(20:45) Cryogen has signed onto the game!
 1/13(20:45) Cryogen just entered the game!
 1/13(20:48) Cryogen has signed onto the game!
 1/13(20:48) Cryogen just entered the game!
 1/13(20:50) Cryogen has signed onto the game!
 1/13(20:50) Cryogen just entered the game!
 1/14(11:18) Cryogen has signed onto the game!
 1/14(11:18) Cryogen just entered the game!
 1/14(11:22) Cryogen has signed onto the game!
 1/14(11:22) Cryogen just entered the game!
 1/14(11:24) Cryogen has signed onto the game!
 1/14(11:24) Cryogen just entered the game!
 1/14(11:31) Cryogen has signed onto the game!
 1/14(11:31) Cryogen just entered the game!
 1/14(11:41) Cryogen has signed onto the game!
 1/14(11:41) Cryogen just entered the game!
 1/14(11:42) Cryogen has signed onto the game!
 1/14(11:43) Cryogen just entered the game!
 1/14(11:46) Cryogen has signed onto the game!
 1/14(11:46) Cryogen just entered the game!
 1/20(14:07) Cryogen has signed onto the game!
 1/20(14:07) Cryogen just entered the game!
 1/20(14:10) Cryogen has signed onto the game!
 1/20(14:10) Cryogen just entered the game!
 1/20(14:13) Cryogen has signed onto the game!
 1/20(14:13) Cryogen just entered the game!
 1/25(23:40) Cryogen has signed onto the game!
 1/25(23:40) Cryogen just entered the game!
 1/25(23:43) Cryogen has signed onto the game!
 1/25(23:43) Cryogen just entered the game!
 1/26(01:37) Cryogen has signed onto the game!
 1/26(01:37) Cryogen just entered the game!
 1/26(01:49) Cryogen just quit the game!
 1/26(01:51) Cryogen has signed onto the game!
 1/26(01:51) Cryogen just entered the game!
 2/16(00:07) Cryogen has signed onto the game!
 2/16(00:07) Cryogen just entered the game!
 2/16(11:56) Cryogen has signed onto the game!
 2/16(11:56) Cryogen just entered the game!
 2/16(13:13) Cryogen has signed onto the game!
 2/16(13:13) Cryogen just entered the game!
 2/16(13:15) Cryogen has signed onto the game!
 2/16(13:15) Cryogen just entered the game!
 2/16(13:22) Cryogen has signed onto the game!
 2/16(13:22) Cryogen just entered the game!
 2/16(13:28) Cryogen has signed onto the game!
 2/16(13:28) Cryogen just entered the game!
 2/16(13:33) Cryogen has signed onto the game!
 2/16(13:33) Cryogen just entered the game!
 2/16(19:57) Cryogen has signed onto the game!
 2/16(19:57) Cryogen just entered the game!
 2/16(20:02) Cryogen has signed onto the game!
 2/16(20:02) Cryogen just entered the game!
 2/16(20:03) Cryogen has signed onto the game!
 2/16(20:03) Cryogen just entered the game!
 2/16(20:04) Cryogen has signed onto the game!
 2/16(20:04) Cryogen just entered the game!
 2/16(20:09) Cryogen has signed onto the game!
 2/16(20:09) Cryogen just entered the game!
 2/16(20:11) Cryogen has signed onto the game!
 2/16(20:11) Cryogen just entered the game!
 2/16(20:14) Cryogen has signed onto the game!
 2/16(20:14) Cryogen just entered the game!
 2/16(20:18) Cryogen has signed onto the game!
 2/16(20:18) Cryogen just entered the game!
 2/16(20:21) Cryogen has signed onto the game!
 2/16(20:21) Cryogen just entered the game!
 2/16(20:24) Cryogen has signed onto the game!
 2/16(20:24) Cryogen just entered the game!
 2/17(00:29) Cryogen has signed onto the game!
 2/17(00:29) Cryogen just entered the game!
 2/17(11:32) Cryogen has signed onto the game!
 2/17(11:32) Cryogen just entered the game!
 2/17(11:33) Newbie has signed onto the game!
 2/17(11:33) Newbie just entered the game!
 2/17(13:28) Cryogen has signed onto the game!
 2/17(13:28) Cryogen just entered the game!
 2/17(13:30) Cryogen has signed onto the game!
 2/17(13:30) Cryogen just entered the game!
 2/17(14:25) Cryogen has signed onto the game!
 2/17(14:25) Cryogen just entered the game!
 2/17(14:30) Cryogen has signed onto the game!
 2/17(14:30) Cryogen just entered the game!
 2/17(14:32) Cryogen has signed onto the game!
 2/17(14:32) Cryogen just entered the game!
 2/17(14:35) Cryogen has signed onto the game!
 2/17(14:35) Cryogen just entered the game!
 2/17(15:29) Cryogen has signed onto the game!
 2/17(15:29) Cryogen just entered the game!
 2/17(15:31) Cryogen has signed onto the game!
 2/17(15:31) Cryogen just entered the game!
 2/17(15:33) Cryogen has signed onto the game!
 2/17(15:33) Cryogen just entered the game!
 3/ 8(14:52) Cryogen has signed onto the game!
 3/ 8(14:52) Cryogen just entered the game!
 3/ 8(14:56) Cryogen has signed onto the game!
 3/ 8(14:56) Cryogen just entered the game!
 3/24(16:12) Cryogen has signed onto the game!
 3/24(16:12) Cryogen just entered the game!
 3/24(16:18) Cryogen has signed onto the game!
 3/24(16:18) Cryogen just entered the game!
 3/24(16:23) Cryogen has signed onto the game!
 3/24(16:23) Cryogen just entered the game!
 3/24(16:33) Cryogen has signed onto the game!
 3/24(16:33) Cryogen just entered the game!
 3/24(16:34) Cryogen just quit the game!
 3/24(16:47) Hype has signed onto the game! (New Player)
 3/24(16:47) Hype just entered the game!
 3/24(16:48) Thale has signed onto the game! (New Player)
 3/24(16:48) Thale just entered the game!
 3/24(16:49) Talon has signed onto the game! (New Player)
 3/24(16:49) Talon just entered the game!
 3/24(16:49) Cryogen has signed onto the game!
 3/24(16:49) Cryogen just entered the game!
 3/24(16:56) Hype has signed onto the game!
 3/24(16:56) Hype just entered the game!
 3/24(16:57) Thale has signed onto the game!
 3/24(16:57) Thale just entered the game!
 3/24(16:57) Talon has signed onto the game!
 3/24(16:57) Talon just entered the game!
 3/24(17:07) Hype has signed onto the game!
 3/24(17:07) Hype just entered the game!
 3/24(17:07) Thale has signed onto the game!
 3/24(17:07) Thale just entered the game!
 3/24(17:07) Talon has signed onto the game!
 3/24(17:07) Talon just entered the game!
 3/24(17:11) Thale has signed onto the game!
 3/24(17:11) Thale just entered the game!
 3/24(17:11) Hype has signed onto the game!
 3/24(17:11) Hype just entered the game!
 3/24(17:11) Talon has signed onto the game!
 3/24(17:11) Talon just entered the game!
 3/24(17:28) Thale has signed onto the game!
 3/24(17:28) Thale just entered the game!
 3/24(17:29) Hype has signed onto the game!
 3/24(17:29) Hype just entered the game!
 3/24(17:29) Talon has signed onto the game!
 3/24(17:29) Talon just entered the game!
 3/24(17:29) Cryogen has signed onto the game!
 3/24(17:29) Cryogen just entered the game!
 3/24(17:41) Cryogen has signed onto the game!
 3/24(17:41) Cryogen just entered the game!
 3/24(22:34) Cryogen has signed onto the game!
 3/24(22:34) Cryogen just entered the game!
 3/26(13:23) Cryogen has signed onto the game!
 3/26(13:23) Cryogen just entered the game!
 3/26(13:24) Thale has signed onto the game!
 3/26(13:24) Thale just entered the game!
 3/26(13:29) Thale has signed onto the game!
 3/26(13:29) Thale just entered the game!
 3/26(13:30) Thale just quit the game!
 3/26(13:30) Cryogen has signed onto the game!
 3/26(13:30) Cryogen just entered the game!
 4/15(17:39) Cryogen has signed onto the game!
 4/15(17:39) Cryogen just entered the game!
 4/15(21:53) Cryogen has signed onto the game!
 4/15(21:53) Cryogen just entered the game!
 4/15(21:55) Cryogen has signed onto the game!
 4/15(21:55) Cryogen just entered the game!
